<?xml version="1.0" encoding="UTF-8"?>
<!-- Generated by org.testng.reporters.JUnitReportReporter -->
<testsuite skipped="0" hostname="DESKTOP-1VCP591" name="com.qa.tests.Logintest" tests="1" failures="0" timestamp="05 Jun 2020 14:06:44 GMT" time="0.024" errors="0">
  <testcase name="test" time="0.024" classname="com.qa.tests.Logintest"/>
</testsuite> <!-- com.qa.tests.Logintest -->
